<?xml version="1.0" encoding="UTF-8"?>
<!-- Generated by org.testng.reporters.JUnitReportReporter -->
<testsuite skipped="0" hostname="QT-INNO-LT0924" name="keys.search_item" tests="1" failures="0" timestamp="2021-10-11T16:29:03 IST" time="13.903" errors="0">
  <testcase name="search_item1" time="13.903" classname="keys.search_item"/>
  <system-out/>
</testsuite> <!-- keys.search_item -->
