<?xml version="1.0" encoding="UTF-8"?>
<!-- Generated by org.testng.reporters.JUnitReportReporter -->
<testsuite skipped="0" hostname="QT-INNO-LT0924" name="keys.search_mobile" tests="1" failures="0" timestamp="2021-10-13T11:02:50 IST" time="6.900" errors="0">
  <testcase name="search_item_here" time="6.900" classname="keys.search_mobile"/>
  <system-out/>
</testsuite> <!-- keys.search_mobile -->
